This file contains any messages produced by compilers while
running configure, to aid debugging if configure makes a mistake.

It was created by gnome-icon-theme configure 3.12.0, which was
generated by GNU Autoconf 2.69.  Invocation command line was

  $ ./configure 

## --------- ##
## Platform. ##
## --------- ##

hostname = locust
uname -m = x86_64
uname -r = 3.12.32
uname -s = Linux
uname -v = #1-NixOS SMP Thu Jan 1 00:00:01 UTC 1970

/usr/bin/uname -p = unknown
/bin/uname -X     = unknown

/bin/arch              = unknown
/usr/bin/arch -k       = unknown
/usr/convex/getsysinfo = unknown
/usr/bin/hostinfo      = unknown
/bin/machine           = unknown
/usr/bin/oslevel       = unknown
/bin/universe          = unknown

PATH: /home/pete/bin
PATH: /var/setuid-wrappers
PATH: /home/pete/.nix-profile/bin
PATH: /home/pete/.nix-profile/sbin
PATH: /home/pete/.nix-profile/lib/kde4/libexec
PATH: /nix/var/nix/profiles/default/bin
PATH: /nix/var/nix/profiles/default/sbin
PATH: /nix/var/nix/profiles/default/lib/kde4/libexec
PATH: /run/current-system/sw/bin
PATH: /run/current-system/sw/sbin
PATH: /run/current-system/sw/lib/kde4/libexec
PATH: /home/pete/bin
PATH: /home/pete/.gem/ruby/2.1.0/bin
PATH: /home/pete/.rvm/bin
PATH: /home/pete/.cabal/bin
PATH: /home/pete/.config/herbstluftwm
PATH: /home/pete/code/bin
PATH: /home/pete/.local/bin
PATH: /home/pete/builds/yesod-bin-1.2.12/.cabal-sandbox/bin


## ----------- ##
## Core tests. ##
## ----------- ##

configure:2009: checking for a BSD-compatible install
configure:2077: result: /run/current-system/sw/bin/install -c
configure:2088: checking whether build environment is sane
configure:2143: result: yes
configure:2294: checking for a thread-safe mkdir -p
configure:2333: result: /run/current-system/sw/bin/mkdir -p
configure:2340: checking for gawk
configure:2356: found /run/current-system/sw/bin/gawk
configure:2367: result: gawk
configure:2378: checking whether make sets $(MAKE)
configure:2400: result: yes
configure:2429: checking whether make supports nested variables
configure:2446: result: yes
configure:2535: checking whether UID '1000' is supported by ustar format
configure:2538: result: yes
configure:2545: checking whether GID '100' is supported by ustar format
configure:2548: result: yes
configure:2556: checking how to create a ustar tar archive
configure:2567: tar --version
tar (GNU tar) 1.27.1
Copyright (C) 2013 Free Software Foundation, Inc.
License GPLv3+: GNU GPL version 3 or later <http://gnu.org/licenses/gpl.html>.
This is free software: you are free to change and redistribute it.
There is NO WARRANTY, to the extent permitted by law.

Written by John Gilmore and Jay Fenlason.
configure:2570: $? = 0
configure:2610: tardir=conftest.dir && eval tar --format=ustar -chf - "$tardir" >conftest.tar
configure:2613: $? = 0
configure:2617: tar -xf - <conftest.tar
configure:2620: $? = 0
configure:2622: cat conftest.dir/file
GrepMe
configure:2625: $? = 0
configure:2638: result: gnutar
configure:2742: checking for pkg-config
configure:2775: result: no
configure:2809: checking whether NLS is requested
configure:2818: result: yes
configure:2834: checking for style of include used by make
configure:2862: result: GNU
configure:2933: checking for gcc
configure:2963: result: no
configure:3026: checking for cc
configure:3073: result: no
configure:3129: checking for cl.exe
configure:3159: result: no
configure:3183: error: in `/home/pete/.icons/gnome-icon-theme-3.12.0':
configure:3185: error: no acceptable C compiler found in $PATH
See `config.log' for more details

## ---------------- ##
## Cache variables. ##
## ---------------- ##

ac_cv_env_CC_set=
ac_cv_env_CC_value=
ac_cv_env_CFLAGS_set=
ac_cv_env_CFLAGS_value=
ac_cv_env_CPPFLAGS_set=
ac_cv_env_CPPFLAGS_value=
ac_cv_env_LDFLAGS_set=
ac_cv_env_LDFLAGS_value=
ac_cv_env_LIBS_set=
ac_cv_env_LIBS_value=
ac_cv_env_PKG_CONFIG_LIBDIR_set=
ac_cv_env_PKG_CONFIG_LIBDIR_value=
ac_cv_env_PKG_CONFIG_PATH_set=set
ac_cv_env_PKG_CONFIG_PATH_value=/home/pete/.nix-profile/lib/pkgconfig:/nix/var/nix/profiles/default/lib/pkgconfig:/run/current-system/sw/lib/pkgconfig
ac_cv_env_PKG_CONFIG_set=
ac_cv_env_PKG_CONFIG_value=
ac_cv_env_build_alias_set=
ac_cv_env_build_alias_value=
ac_cv_env_host_alias_set=
ac_cv_env_host_alias_value=
ac_cv_env_target_alias_set=
ac_cv_env_target_alias_value=
ac_cv_path_install='/run/current-system/sw/bin/install -c'
ac_cv_path_mkdir=/run/current-system/sw/bin/mkdir
ac_cv_prog_AWK=gawk
ac_cv_prog_make_make_set=yes
am_cv_make_support_nested_variables=yes
am_cv_prog_tar_ustar=gnutar

## ----------------- ##
## Output variables. ##
## ----------------- ##

ACLOCAL='${SHELL} /home/pete/.icons/gnome-icon-theme-3.12.0/missing aclocal-1.14'
ACLOCAL_AMFLAGS=''
ALL_LINGUAS=''
AMDEPBACKSLASH='\'
AMDEP_FALSE='#'
AMDEP_TRUE=''
AMTAR='$${TAR-tar}'
AM_BACKSLASH='\'
AM_DEFAULT_V='$(AM_DEFAULT_VERBOSITY)'
AM_DEFAULT_VERBOSITY='1'
AM_V='$(V)'
AUTOCONF='${SHELL} /home/pete/.icons/gnome-icon-theme-3.12.0/missing autoconf'
AUTOHEADER='${SHELL} /home/pete/.icons/gnome-icon-theme-3.12.0/missing autoheader'
AUTOMAKE='${SHELL} /home/pete/.icons/gnome-icon-theme-3.12.0/missing automake-1.14'
AWK='gawk'
CC=''
CCDEPMODE=''
CFLAGS=''
CPPFLAGS=''
CYGPATH_W='echo'
DATADIRNAME=''
DEFS=''
DEPDIR='.deps'
ECHO_C=''
ECHO_N='-n'
ECHO_T=''
EXEEXT=''
GETTEXT_PACKAGE=''
GMSGFMT=''
GTK_UPDATE_ICON_CACHE=''
ICONMAP=''
INSTALL_DATA='${INSTALL} -m 644'
INSTALL_PROGRAM='${INSTALL}'
INSTALL_SCRIPT='${INSTALL}'
INSTALL_STRIP_PROGRAM='$(install_sh) -c -s'
INTLTOOL_CAVES_RULE=''
INTLTOOL_DESKTOP_RULE=''
INTLTOOL_DIRECTORY_RULE=''
INTLTOOL_EXTRACT=''
INTLTOOL_KBD_RULE=''
INTLTOOL_KEYS_RULE=''
INTLTOOL_MERGE=''
INTLTOOL_OAF_RULE=''
INTLTOOL_PERL=''
INTLTOOL_POLICY_RULE=''
INTLTOOL_PONG_RULE=''
INTLTOOL_PROP_RULE=''
INTLTOOL_SCHEMAS_RULE=''
INTLTOOL_SERVER_RULE=''
INTLTOOL_SERVICE_RULE=''
INTLTOOL_SHEET_RULE=''
INTLTOOL_SOUNDLIST_RULE=''
INTLTOOL_THEME_RULE=''
INTLTOOL_UI_RULE=''
INTLTOOL_UPDATE=''
INTLTOOL_V_MERGE=''
INTLTOOL_V_MERGE_OPTIONS=''
INTLTOOL_XAM_RULE=''
INTLTOOL_XML_NOMERGE_RULE=''
INTLTOOL_XML_RULE=''
INTLTOOL__v_MERGE_0=''
INTLTOOL__v_MERGE_=''
LDFLAGS=''
LIBOBJS=''
LIBS=''
LTLIBOBJS=''
MAKEINFO='${SHELL} /home/pete/.icons/gnome-icon-theme-3.12.0/missing makeinfo'
MKDIR_P='/run/current-system/sw/bin/mkdir -p'
MSGFMT=''
MSGMERGE=''
OBJEXT=''
PACKAGE='gnome-icon-theme'
PACKAGE_BUGREPORT='http://bugzilla.gnome.org/enter_bug.cgi?product=gnome-icon-theme'
PACKAGE_NAME='gnome-icon-theme'
PACKAGE_STRING='gnome-icon-theme 3.12.0'
PACKAGE_TARNAME='gnome-icon-theme'
PACKAGE_URL=''
PACKAGE_VERSION='3.12.0'
PATH_SEPARATOR=':'
PKG_CONFIG=''
PKG_CONFIG_LIBDIR=''
PKG_CONFIG_PATH='/home/pete/.nix-profile/lib/pkgconfig:/nix/var/nix/profiles/default/lib/pkgconfig:/run/current-system/sw/lib/pkgconfig'
SET_MAKE=''
SHELL='/bin/sh'
STRIP=''
SVGOUTDIR=''
SVGSRCDIR=''
USE_NLS='yes'
VERSION='3.12.0'
XGETTEXT=''
ac_ct_CC=''
am__EXEEXT_FALSE=''
am__EXEEXT_TRUE=''
am__fastdepCC_FALSE=''
am__fastdepCC_TRUE=''
am__include='include'
am__isrc=''
am__leading_dot='.'
am__nodep='_no'
am__quote=''
am__tar='tar --format=ustar -chf - "$$tardir"'
am__untar='tar -xf -'
bindir='${exec_prefix}/bin'
build_alias=''
datadir='${datarootdir}'
datarootdir='${prefix}/share'
docdir='${datarootdir}/doc/${PACKAGE_TARNAME}'
dvidir='${docdir}'
exec_prefix='NONE'
host_alias=''
htmldir='${docdir}'
includedir='${prefix}/include'
infodir='${datarootdir}/info'
install_sh='${SHELL} /home/pete/.icons/gnome-icon-theme-3.12.0/install-sh'
intltool__v_merge_options_0=''
intltool__v_merge_options_=''
libdir='${exec_prefix}/lib'
libexecdir='${exec_prefix}/libexec'
localedir='${datarootdir}/locale'
localstatedir='${prefix}/var'
mandir='${datarootdir}/man'
mkdir_p='$(MKDIR_P)'
oldincludedir='/usr/include'
pdfdir='${docdir}'
prefix='NONE'
program_transform_name='s,x,x,'
psdir='${docdir}'
render_sizes=''
sbindir='${exec_prefix}/sbin'
sharedstatedir='${prefix}/com'
sysconfdir='${prefix}/etc'
target_alias=''
themedir=''

## ----------- ##
## confdefs.h. ##
## ----------- ##

/* confdefs.h */
#define PACKAGE_NAME "gnome-icon-theme"
#define PACKAGE_TARNAME "gnome-icon-theme"
#define PACKAGE_VERSION "3.12.0"
#define PACKAGE_STRING "gnome-icon-theme 3.12.0"
#define PACKAGE_BUGREPORT "http://bugzilla.gnome.org/enter_bug.cgi?product=gnome-icon-theme"
#define PACKAGE_URL ""
#define PACKAGE "gnome-icon-theme"
#define VERSION "3.12.0"

configure: exit 1
