
In end of data:
auctex-pkg.el:3:1:Warning: the function `define-package' is not known to be
    defined.

In toplevel form:
bib-cite.el:943:21:Warning: reference to free variable `bibtex-mode-map'

In bib-guess-or-prompt-for-label:
bib-cite.el:1674:40:Warning: reference to free variable `LaTeX-label-list'

In bib-master-file:
bib-cite.el:2116:31:Warning: reference to free variable `TeX-master'

In bib-create-auto-file:
bib-cite.el:2425:31:Warning: reference to free variable
    `BibTeX-auto-regexp-list'
bib-cite.el:2440:14:Warning: reference to free variable `TeX-header-end'
bib-cite.el:2441:30:Warning: reference to free variable `LaTeX-header-end'
bib-cite.el:2441:15:Warning: assignment to free variable `TeX-header-end'

In end of data:
bib-cite.el:2608:1:Warning: the following functions are not known to be
    defined: reftex-view-crossref, extent-string, show-entry,
    dired-replace-in-string, TeX-master-file, TeX-auto-write, dired-split

In toplevel form:
context.el:75:1:Warning: global/dynamic var `reference' lacks a prefix
context.el:77:1:Warning: global/dynamic var `title' lacks a prefix
context.el:78:1:Warning: global/dynamic var `name' lacks a prefix
context.el:79:1:Warning: global/dynamic var `level' lacks a prefix

In ConTeXt-paragraph-commands-regexp:
context.el:996:25:Warning: reference to free variable
    `ConTeXt-extra-paragraph-commands'

In font-latex-update-sectioning-faces:
font-latex.el:183:37:Warning: reference to free variable
    `font-latex-fontify-sectioning'

In font-latex-syntactic-face-function:
font-latex.el:973:7:Warning: `char-valid-p' is an obsolete function (as of
    23.1); use `characterp' instead.

In end of data:
font-latex.el:2010:1:Warning: the following functions are not known to be
    defined: face-property-instance, set-face-property

In toplevel form:
latex.el:111:1:Warning: global/dynamic var `title' lacks a prefix
latex.el:112:1:Warning: global/dynamic var `name' lacks a prefix
latex.el:113:1:Warning: global/dynamic var `level' lacks a prefix
latex.el:115:1:Warning: global/dynamic var `toc' lacks a prefix

In LaTeX-auto-cleanup:
latex.el:1634:25:Warning: reference to free variable `TeX-auto-file'
latex.el:1670:30:Warning: assignment to free variable `TeX-auto-file'

In BibTeX-auto-store:
latex.el:1740:48:Warning: assignment to free variable `TeX-auto-update'

In LaTeX-section-menu-filter:
latex.el:5440:15:Warning: assignment to free variable
    `LaTeX-section-list-changed'

In end of data:
latex.el:6420:1:Warning: the following functions are not known to be defined:
    outline-level, multi-prompt, multi-prompt-key-value, extent-property,
    set-extent-property, texmathp, texmathp-match-switch,
    outline-mark-subtree, LaTeX-install-toolbar, turn-off-filladapt-mode

In end of data:
plain-tex.el:315:1:Warning: the function `TeX-install-toolbar' is not known to
    be defined.

In preview-gs-restart:
preview.el:715:13:Warning: `process-kill-without-query' is an obsolete
    function (as of 22.1); use `process-query-on-exit-flag' or
    `set-process-query-on-exit-flag'.

In preview-mouse-open-eps:
preview.el:1162:10:Warning: `default-major-mode' is an obsolete variable (as
    of 23.2); use `major-mode' instead.

In preview-mode-setup:
prv-emacs.el:384:18:Warning: reference to free variable `preview-menu'
prv-emacs.el:398:41:Warning: reference to free variable `preview-dumped-alist'

In preview-move-point:
prv-emacs.el:460:16:Warning: reference to free variable `preview-auto-reveal'

In end of data:
prv-emacs.el:601:1:Warning: the following functions are not known to be
    defined: preview-filter-specs-1, preview-format-kill, preview-delete,
    preview-relaxed-string=, preview-disable, preview-inactive-string,
    desktop-buffer-preview-misc-data, preview-filter-specs,
    preview-auto-reveal-p

In preview-mark-active:
prv-xemacs.el:147:8:Warning: macro `preview-mark-active' being redefined as a
    function

In preview-create-icon-1:
prv-xemacs.el:166:8:Warning: function preview-create-icon-1 used to take 4
    arguments, now takes 3

In preview-inherited-face-attribute:
prv-xemacs.el:373:11:Warning: function `preview-inherited-face-attribute'
    being redefined as a macro

In preview-mode-setup:
prv-xemacs.el:449:18:Warning: reference to free variable `preview-menu'
prv-xemacs.el:467:48:Warning: reference to free variable `default-toolbar'
prv-xemacs.el:478:41:Warning: reference to free variable
    `preview-dumped-alist'

In preview-move-point:
prv-xemacs.el:538:10:Warning: reference to free variable `preview-auto-reveal'

In preview-register-change:
prv-xemacs.el:652:8:Warning: function preview-register-change used to take 1
    argument, now takes 2

In end of data:
prv-xemacs.el:744:1:Warning: the following functions are not known to be
    defined: image-instantiator-format-list, make-glyph, set-glyph-baseline,
    preview-filter-specs-1, set-extent-initial-redisplay-function,
    extent-property, set-extent-property, set-extent-end-glyph, extent-keymap,
    set-extent-keymap, event-over-glyph-p, dispatch-event, event-glyph-extent,
    mouse-position-as-motion-event, extent-object, set-extent-begin-glyph,
    set-extent-end-glyph-layout, set-extent-properties,
    preview-inactive-string, set-extent-begin-glyph-layout, event-window,
    color-instance-rgb-components, coding-system-name,
    desktop-buffer-preview-misc-data, make-local-hook,
    balloon-help-minor-mode, preview-filter-specs, preview-at-point,
    specifier-spec-list, set-specifier, extent-start-position,
    extent-end-position, extent-detached-p, preview-auto-reveal-p,
    map-extents, preview-format-kill, preview-delete, preview-relaxed-string=,
    preview-disable, set-extent-endpoints

In TeX-bar-TeX-buttons:
tex-bar.el:132:22:Warning: reference to free variable
    `TeX-bar-TeX-all-button-alists'

In TeX-bar-LaTeX-buttons:
tex-bar.el:278:22:Warning: reference to free variable
    `TeX-bar-LaTeX-all-button-alists'

In TeX-run-background:
tex-buf.el:797:36:Warning: `process-kill-without-query' is an obsolete
    function (as of 22.1); use `process-query-on-exit-flag' or
    `set-process-query-on-exit-flag'.

In TeX-run-silent:
tex-buf.el:811:35:Warning: `process-kill-without-query' is an obsolete
    function (as of 22.1); use `process-query-on-exit-flag' or
    `set-process-query-on-exit-flag'.

In TeX-region-create:
tex-buf.el:1427:11:Warning: `font-lock-maximum-size' is an obsolete variable
    (as of 24.1).
tex-buf.el:1515:49:Warning: `goto-line' is for interactive use only; use
    `forward-line' instead.

In TeX-parse-TeX:
tex-buf.el:1657:10:Warning: `default-major-mode' is an obsolete variable (as
    of 23.2); use `major-mode' instead.

In TeX-error-overview-goto-source:
tex-buf.el:2602:20:Warning: `default-major-mode' is an obsolete variable (as
    of 23.2); use `major-mode' instead.

In toplevel form:
tex-font.el:149:1:Warning: defface for `tex-math-face' fails to specify
    containing group

In toplevel form:
tex-info.el:354:1:Warning: value returned from (fboundp (quote
    declare-function)) is unused

In Texinfo-reftex-hook:
tex-info.el:399:28:Warning: reference to free variable
    `reftex-label-alist-builtin'
tex-info.el:400:48:Warning: assignment to free variable
    `reftex-label-alist-builtin'

In TeX-texinfo-mode:
tex-info.el:612:17:Warning: assignment to free variable `TeX-auto-update'

In toplevel form:
tex-jp.el:348:47:Warning: reference to free variable `japanese-TeX-mode'
tex-jp.el:350:34:Warning: reference to free variable
    `TeX-japanese-process-output-coding-system'
tex-jp.el:351:34:Warning: reference to free variable
    `TeX-japanese-process-input-coding-system'

In end of data:
tex-jp.el:848:1:Warning: the function `japanese-TeX-coding-ejsu' is not known
    to be defined.

In TeX-wizard:
tex-wizard.el:103:49:Warning: assignment to free variable
    `custom-buffer-done-function'

In TeX-pdf-tools-sync-view:
tex.el:1113:41:Warning: reference to free variable `file'

In TeX-evince-sync-view:
tex.el:1130:43:Warning: reference to free variable `file'

In TeX-Omega-mode:
tex.el:1476:23:Warning: `TeX-Omega-mode' is an obsolete function (as of
    11.86); use `TeX-engine-set' instead.
tex.el:1476:23:Warning: `TeX-Omega-mode' is an obsolete function (as of
    11.86); use `TeX-engine-set' instead.
tex.el:1476:4:Warning: `TeX-Omega-mode' is an obsolete function (as of 11.86);
    use `TeX-engine-set' instead.
tex.el:1476:46:Warning: `TeX-Omega-mode' is an obsolete function (as of
    11.86); use `TeX-engine-set' instead.
tex.el:1476:46:Warning: `TeX-Omega-mode' is an obsolete function (as of
    11.86); use `TeX-engine-set' instead.
tex.el:1476:46:Warning: `TeX-Omega-mode' is an obsolete function (as of
    11.86); use `TeX-engine-set' instead.

In TeX-source-correlate-handle-TeX-region:
tex.el:1635:66:Warning: `string-to-int' is an obsolete function (as of 22.1);
    use `string-to-number' instead.

In TeX-insert-macro:
tex.el:2996:58:Warning: `interactive-p' is an obsolete function (as of 23.2);
    use `called-interactively-p' instead.

In TeX-parse-argument:
tex.el:3187:26:Warning: reference to free variable `exit-mark'

In TeX-argument-insert:
tex.el:3211:13:Warning: assignment to free variable `last-optional-rejected'
tex.el:3216:37:Warning: reference to free variable `exit-mark'

In VirTeX-common-initialization:
tex.el:3371:46:Warning: assignment to free variable `ispell-parser'
tex.el:3420:47:Warning: assignment to free variable `ispell-tex-p'
tex.el:3453:41:Warning: assignment to free variable `TeX-auto-update'

In TeX-insert-dollar:
tex.el:5637:26:Warning: reference to free variable `texmathp-why'

In TeX-math-input-method-off:
tex.el:5715:55:Warning: `inactivate-input-method' is an obsolete function (as
    of 24.3); use `deactivate-input-method' instead.

In TeX-doc:
tex.el:6061:12:Warning: `interactive-p' is an obsolete function (as of 23.2);
    use `called-interactively-p' instead.

In end of data:
tex.el:6205:1:Warning: the following functions are not known to be defined:
    multi-prompt, texmathp, spell-buffer

In texmathp:
texmathp.el:295:11:Warning: `interactive-p' is an obsolete function (as of
    23.2); use `called-interactively-p' instead.

In toolbarx-xemacs-image-properties:
toolbar-x.el:1344:17:Warning: reference to free variable `toolbar-captioned-p'

In toolbarx-xemacs-refresh:
toolbar-x.el:1596:46:Warning: reference to free variable
    `default-toolbar-border-width'
toolbar-x.el:1597:42:Warning: reference to free variable
    `top-toolbar-border-width'
toolbar-x.el:1598:44:Warning: reference to free variable
    `right-toolbar-border-width'
toolbar-x.el:1599:45:Warning: reference to free variable
    `bottom-toolbar-border-width'
toolbar-x.el:1600:43:Warning: reference to free variable
    `left-toolbar-border-width'
toolbar-x.el:1630:17:Warning: reference to free variable `toolbar-visible-p'
toolbar-x.el:1631:28:Warning: reference to free variable
    `default-toolbar-visible-p'
toolbar-x.el:1633:32:Warning: reference to free variable
    `default-toolbar-height'
toolbar-x.el:1639:25:Warning: reference to free variable
    `default-toolbar-width'
toolbar-x.el:1636:25:Warning: reference to free variable `default-toolbar'
toolbar-x.el:1646:25:Warning: reference to free variable
    `top-toolbar-visible-p'
toolbar-x.el:1647:25:Warning: reference to free variable `top-toolbar-height'
toolbar-x.el:1645:25:Warning: reference to free variable `top-toolbar'
toolbar-x.el:1655:25:Warning: reference to free variable
    `right-toolbar-visible-p'
toolbar-x.el:1656:25:Warning: reference to free variable `right-toolbar-width'
toolbar-x.el:1654:25:Warning: reference to free variable `right-toolbar'
toolbar-x.el:1663:25:Warning: reference to free variable
    `bottom-toolbar-visible-p'
toolbar-x.el:1664:25:Warning: reference to free variable
    `bottom-toolbar-height'
toolbar-x.el:1662:25:Warning: reference to free variable `bottom-toolbar'
toolbar-x.el:1671:25:Warning: reference to free variable
    `left-toolbar-visible-p'
toolbar-x.el:1672:25:Warning: reference to free variable `left-toolbar-width'
toolbar-x.el:1670:25:Warning: reference to free variable `left-toolbar'

In end of data:
toolbar-x.el:2156:1:Warning: the following functions are not known to be
    defined: glyph-height, glyph-width, default-toolbar-position,
    specifier-instance, set-specifier, remove-specifier

In end of data:
style/MinionPro.el:70:1:Warning: the function `font-latex-add-keywords' is not
    known to be defined.

In end of data:
style/MyriadPro.el:95:1:Warning: the function `font-latex-add-keywords' is not
    known to be defined.

In end of data:
style/XCharter.el:77:1:Warning: the function `font-latex-add-keywords' is not
    known to be defined.

In end of data:
style/acro.el:295:1:Warning: the function `font-latex-add-keywords' is not
    known to be defined.

In end of data:
style/acronym.el:180:1:Warning: the function `font-latex-add-keywords' is not
    known to be defined.

In end of data:
style/alltt.el:55:1:Warning: the function `font-latex-set-syntactic-keywords'
    is not known to be defined.

In reftex-get-section-level-alphanum:
style/alphanum.el:55:32:Warning: reference to free variable
    `reftex-section-regexp'

In end of data:
style/alphanum.el:101:1:Warning: the function `reftex-match-string' is not
    known to be defined.

In end of data:
style/amsthm.el:73:1:Warning: the function `font-latex-add-keywords' is not
    known to be defined.

In end of data:
style/attachfile.el:120:1:Warning: the function `font-latex-add-keywords' is
    not known to be defined.

In end of data:
style/babel.el:197:1:Warning: the function `font-latex-add-keywords' is not
    known to be defined.

In end of data:
style/baskervaldx.el:85:1:Warning: the function `font-latex-add-keywords' is
    not known to be defined.

In end of data:
style/beamer.el:368:1:Warning: the following functions are not known to be
    defined: font-latex-add-keywords, font-latex-set-syntactic-keywords

In end of data:
style/bm.el:56:1:Warning: the function `font-latex-add-keywords' is not known
    to be defined.

In end of data:
style/booktabs.el:80:1:Warning: the function `font-latex-add-keywords' is not
    known to be defined.

In end of data:
style/captcont.el:48:1:Warning: the function `font-latex-add-keywords' is not
    known to be defined.

In end of data:
style/caption.el:314:1:Warning: the function `font-latex-add-keywords' is not
    known to be defined.

In end of data:
style/color.el:310:1:Warning: the function `font-latex-add-keywords' is not
    known to be defined.

In end of data:
style/colortbl.el:75:1:Warning: the function `font-latex-add-keywords' is not
    known to be defined.

In toplevel form:
style/comment.el:54:20:Warning: reference to free variable
    `font-latex-syntactic-keywords-extra'
style/comment.el:54:20:Warning: assignment to free variable
    `font-latex-syntactic-keywords-extra'

In end of data:
style/comment.el:71:1:Warning: the following functions are not known to be
    defined: font-latex-set-syntactic-keywords, font-latex-add-keywords

In end of data:
style/csquotes.el:247:1:Warning: the function `font-latex-add-keywords' is not
    known to be defined.

In LaTeX-currvita-env-with-label:
style/currvita.el:59:26:Warning: reference to free variable `environment'

In LaTeX-dinbrief-sender:
style/dinbrief.el:218:16:Warning: `previous-line' is for interactive use only;
    use `forward-line' with negative argument instead.

In LaTeX-env-emp-gen:
style/emp.el:58:55:Warning: assignment to free variable `LaTeX-emp-fig-name'
style/emp.el:59:36:Warning: reference to free variable `LaTeX-emp-fig-name'

In LaTeX-env-empfile:
style/emp.el:74:48:Warning: assignment to free variable `LaTeX-emp-file-name'
style/emp.el:76:16:Warning: assignment to free variable `mpost-emp-file-name'
style/emp.el:77:11:Warning: reference to free variable `LaTeX-emp-file-name'
style/emp.el:82:13:Warning: reference to free variable `mpost-emp-file-name'

In LaTeX-enumitem-env-with-opts:
style/enumitem.el:219:26:Warning: reference to free variable `environment'

In end of data:
style/enumitem.el:449:1:Warning: the function `font-latex-add-keywords' is not
    known to be defined.

In end of data:
style/epigraph.el:75:1:Warning: the function `font-latex-add-keywords' is not
    known to be defined.

In end of data:
style/erewhon.el:92:1:Warning: the function `font-latex-add-keywords' is not
    known to be defined.

In end of data:
style/expl3.el:52:1:Warning: the function `font-latex-set-syntactic-keywords'
    is not known to be defined.

In end of data:
style/fancyhdr.el:115:1:Warning: the function `font-latex-add-keywords' is not
    known to be defined.

In end of data:
style/fancyref.el:124:1:Warning: the function `font-latex-add-keywords' is not
    known to be defined.

In end of data:
style/fbb.el:82:1:Warning: the function `font-latex-add-keywords' is not known
    to be defined.

In end of data:
style/fontaxes.el:115:1:Warning: the function `font-latex-add-keywords' is not
    known to be defined.

In end of data:
style/fontspec.el:236:1:Warning: the function `font-latex-add-keywords' is not
    known to be defined.

In end of data:
style/footmisc.el:74:1:Warning: the function `font-latex-add-keywords' is not
    known to be defined.

In end of data:
style/geometry.el:152:1:Warning: the function `font-latex-add-keywords' is not
    known to be defined.

In end of data:
style/german.el:51:1:Warning: the following functions are not known to be
    defined: font-latex-add-quotes, font-latex-add-to-syntax-alist

In end of data:
style/graphicx.el:304:1:Warning: the function `font-latex-add-keywords' is not
    known to be defined.

In LaTeX-ifluatex-set-exit-mark:
style/ifluatex.el:34:15:Warning: reference to free variable `exit-mark'

In end of data:
style/ifluatex.el:62:1:Warning: the function `font-latex-add-keywords' is not
    known to be defined.

In toplevel form:
style/jurabib.el:151:28:Warning: reference to free variable
    `reftex-cite-format-builtin'

In end of data:
style/jurabib.el:636:1:Warning: the function `font-latex-add-keywords' is not
    known to be defined.

In LaTeX-kpfonts-mode:
style/kpfonts.el:502:22:Warning: reference to free variable
    `LaTeX-kpfonts-mode-menu'
style/kpfonts.el:502:46:Warning: reference to free variable
    `LaTeX-kpfonts-mode-map'

In end of data:
style/kpfonts.el:600:1:Warning: the function `font-latex-add-keywords' is not
    known to be defined.

In end of data:
style/letter.el:186:1:Warning: the function `font-latex-add-keywords' is not
    known to be defined.

In end of data:
style/longtable.el:95:1:Warning: the function `font-latex-add-keywords' is not
    known to be defined.

In end of data:
style/luacode.el:64:1:Warning: the function `font-latex-add-keywords' is not
    known to be defined.

In toplevel form:
style/mathtools.el:66:17:Warning: reference to free variable
    `LaTeX-amsmath-package-options'

In end of data:
style/mdwlist.el:65:1:Warning: the function `font-latex-add-keywords' is not
    known to be defined.

In end of data:
style/metalogo.el:86:1:Warning: the function `font-latex-add-keywords' is not
    known to be defined.

In end of data:
style/mflogo.el:50:1:Warning: the function `font-latex-add-keywords' is not
    known to be defined.

In end of data:
style/mn2e.el:176:1:Warning: the function `font-latex-add-keywords' is not
    known to be defined.

In end of data:
style/multirow.el:53:1:Warning: the function `font-latex-add-keywords' is not
    known to be defined.

In end of data:
style/newtxtext.el:81:1:Warning: the function `font-latex-add-keywords' is not
    known to be defined.

In end of data:
style/newtxttt.el:63:1:Warning: the function `font-latex-add-keywords' is not
    known to be defined.

In end of data:
style/ngerman.el:51:1:Warning: the following functions are not known to be
    defined: font-latex-add-quotes, font-latex-add-to-syntax-alist

In end of data:
style/nicefrac.el:47:1:Warning: the function `font-latex-add-keywords' is not
    known to be defined.

In end of data:
style/nomencl.el:72:1:Warning: the function `font-latex-add-keywords' is not
    known to be defined.

In end of data:
style/paralist.el:108:1:Warning: the function `font-latex-add-keywords' is not
    known to be defined.

In toplevel form:
style/pst-grad.el:53:32:Warning: reference to free variable
    `LaTeX-pst-fillstyle-list'
style/pst-grad.el:54:46:Warning: assignment to free variable
    `LaTeX-pst-fillstyle-list'
style/pst-grad.el:56:13:Warning: reference to free variable
    `LaTeX-pst-parameters-completion-regexp'
style/pst-grad.el:58:25:Warning: assignment to free variable
    `LaTeX-pst-parameters-completion-regexp'
style/pst-grad.el:63:19:Warning: reference to free variable
    `LaTeX-pst-parameters-name-list'
style/pst-grad.el:63:19:Warning: assignment to free variable
    `LaTeX-pst-parameters-name-list'

In end of data:
style/pst-node.el:194:1:Warning: the following functions are not known to be
    defined: LaTeX-package-parameter-value,
    LaTeX-package-parameters-pref-and-chosen, LaTeX-package-parameters,
    LaTeX-pst-angle, LaTeX-pst-point, LaTeX-pst-arrows

In LaTeX-pstplot-cleanup:
style/pst-plot.el:53:27:Warning: reference to free variable
    `LaTeX-pstplot-datasets'
style/pst-plot.el:53:27:Warning: assignment to free variable
    `LaTeX-pstplot-datasets'
style/pst-plot.el:128:27:Warning: reference to free variable
    `LaTeX-pst-parameters-completion-regexp'
style/pst-plot.el:131:25:Warning: assignment to free variable
    `LaTeX-pst-parameters-completion-regexp'
style/pst-plot.el:136:19:Warning: reference to free variable
    `LaTeX-pst-parameters-name-list'
style/pst-plot.el:136:19:Warning: assignment to free variable
    `LaTeX-pst-parameters-name-list'

In end of data:
style/pst-plot.el:140:1:Warning: the following functions are not known to be
    defined: LaTeX-pst-arrows, LaTeX-pst-point, TeX-arg-compl-list

In toplevel form:
style/pst-slpe.el:53:29:Warning: reference to free variable
    `LaTeX-pst-fillstyle-list'
style/pst-slpe.el:55:21:Warning: assignment to free variable
    `LaTeX-pst-fillstyle-list'
style/pst-slpe.el:58:13:Warning: reference to free variable
    `LaTeX-pst-parameters-completion-regexp'
style/pst-slpe.el:60:25:Warning: assignment to free variable
    `LaTeX-pst-parameters-completion-regexp'
style/pst-slpe.el:65:19:Warning: reference to free variable
    `LaTeX-pst-parameters-name-list'
style/pst-slpe.el:65:19:Warning: assignment to free variable
    `LaTeX-pst-parameters-name-list'

In end of data:
style/pstricks.el:871:1:Warning: the function `multi-prompt-key-value' is not
    known to be defined.

In end of data:
style/relsize.el:70:1:Warning: the function `font-latex-add-keywords' is not
    known to be defined.

In end of data:
style/scrbase.el:226:1:Warning: the function `font-latex-add-keywords' is not
    known to be defined.

In end of data:
style/scrbook.el:64:1:Warning: the function `font-latex-add-keywords' is not
    known to be defined.

In end of data:
style/scrlttr2.el:241:1:Warning: the function `font-latex-add-keywords' is not
    known to be defined.

In end of data:
style/scrpage2.el:131:1:Warning: the function `font-latex-add-keywords' is not
    known to be defined.

In end of data:
style/scrreprt.el:65:1:Warning: the function `font-latex-add-keywords' is not
    known to be defined.

In end of data:
style/setspace.el:63:1:Warning: the function `font-latex-add-keywords' is not
    known to be defined.

In end of data:
style/shortvrb.el:84:1:Warning: the function `font-latex-add-to-syntax-alist'
    is not known to be defined.

In end of data:
style/siunitx.el:626:1:Warning: the function `font-latex-add-keywords' is not
    known to be defined.

In end of data:
style/subfigure.el:80:1:Warning: the function `font-latex-add-keywords' is not
    known to be defined.

In end of data:
style/textcomp.el:179:1:Warning: the function `font-latex-add-keywords' is not
    known to be defined.

In end of data:
style/ulem.el:108:1:Warning: the function `font-latex-add-keywords' is not
    known to be defined.

In end of data:
style/unicode-math.el:75:1:Warning: the function `font-latex-add-keywords' is
    not known to be defined.

In end of data:
style/units.el:51:1:Warning: the function `font-latex-add-keywords' is not
    known to be defined.

In end of data:
style/url.el:97:1:Warning: the following functions are not known to be
    defined: font-latex-add-keywords, font-latex-set-syntactic-keywords

In end of data:
style/xparse.el:115:1:Warning: the function `font-latex-add-keywords' is not
    known to be defined.

In end of data:
style/xspace.el:54:1:Warning: the function `font-latex-add-keywords' is not
    known to be defined.

In end of data:
style/zlmtt.el:59:1:Warning: the function `font-latex-add-keywords' is not
    known to be defined.
